Started GET "/" for 127.0.0.1 at 2024-05-04 01:26:55 +0300
  [1m[35m (190.9ms)[0m  [1m[35mCREATE TABLE "schema_migrations" ("version" varchar NOT NULL PRIMARY KEY)[0m
  [1m[35m (1.9ms)[0m  [1m[35mCREATE TABLE "ar_internal_metadata" ("key" varchar NOT NULL PRIMARY KEY, "value" varchar, "created_at" datetime(6) NOT NULL, "updated_at" datetime(6) NOT NULL)[0m
  [1m[36mActiveRecord::SchemaMigration Load (0.2ms)[0m  [1m[34mSELECT "schema_migrations"."version" FROM "schema_migrations" ORDER BY "schema_migrations"."version" ASC[0m
Processing by Rails::WelcomeController#index as HTML
  Rendering /home/hussein/.rbenv/versions/3.3.0/lib/ruby/gems/3.3.0/gems/railties-7.1.3.2/lib/rails/templates/rails/welcome/index.html.erb
  Rendered /home/hussein/.rbenv/versions/3.3.0/lib/ruby/gems/3.3.0/gems/railties-7.1.3.2/lib/rails/templates/rails/welcome/index.html.erb (Duration: 1.4ms | Allocations: 374)
Completed 200 OK in 65ms (Views: 16.0ms | ActiveRecord: 0.0ms | Allocations: 7759)


Started GET "/" for 127.0.0.1 at 2024-05-04 01:36:46 +0300
  [1m[36mActiveRecord::SchemaMigration Load (0.3ms)[0m  [1m[34mSELECT "schema_migrations"."version" FROM "schema_migrations" ORDER BY "schema_migrations"."version" ASC[0m
Processing by Rails::WelcomeController#index as HTML
  Rendering /home/hussein/.rbenv/versions/3.3.0/lib/ruby/gems/3.3.0/gems/railties-7.1.3.2/lib/rails/templates/rails/welcome/index.html.erb
  Rendered /home/hussein/.rbenv/versions/3.3.0/lib/ruby/gems/3.3.0/gems/railties-7.1.3.2/lib/rails/templates/rails/welcome/index.html.erb (Duration: 1.2ms | Allocations: 374)
Completed 200 OK in 26ms (Views: 14.4ms | ActiveRecord: 0.0ms | Allocations: 4384)


  [1m[36mActiveRecord::InternalMetadata Load (0.2ms)[0m  [1m[34mSELECT * FROM "ar_internal_metadata" WHERE "ar_internal_metadata"."key" = ? ORDER BY "ar_internal_metadata"."key" ASC LIMIT 1[0m  [[nil, "environment"]]
  [1m[36mActiveRecord::InternalMetadata Create (161.7ms)[0m  [1m[32mINSERT INTO "ar_internal_metadata" ("key", "value", "created_at", "updated_at") VALUES ('environment', 'development', '2024-05-03 22:37:36.213185', '2024-05-03 22:37:36.213189') RETURNING "key"[0m
  [1m[36mActiveRecord::SchemaMigration Load (0.1ms)[0m  [1m[34mSELECT "schema_migrations"."version" FROM "schema_migrations" ORDER BY "schema_migrations"."version" ASC[0m
Migrating to CreateAuthors (20240503223712)
  [1m[36mTRANSACTION (0.1ms)[0m  [1m[36mbegin transaction[0m
  [1m[35m (0.9ms)[0m  [1m[35mCREATE TABLE "authors" ("id" integer PRIMARY KEY AUTOINCREMENT NOT NULL, "name" varchar, "created_at" datetime(6) NOT NULL, "updated_at" datetime(6) NOT NULL)[0m
  [1m[36mActiveRecord::SchemaMigration Create (0.1ms)[0m  [1m[32mINSERT INTO "schema_migrations" ("version") VALUES ('20240503223712') RETURNING "version"[0m
  [1m[36mTRANSACTION (0.5ms)[0m  [1m[36mcommit transaction[0m
Migrating to CreatePosts (20240503223726)
  [1m[36mTRANSACTION (0.1ms)[0m  [1m[36mbegin transaction[0m
  [1m[35m (1.4ms)[0m  [1m[35mCREATE TABLE "posts" ("id" integer PRIMARY KEY AUTOINCREMENT NOT NULL, "title" varchar, "content" text, "author_id" integer NOT NULL, "created_at" datetime(6) NOT NULL, "updated_at" datetime(6) NOT NULL, CONSTRAINT "fk_rails_04d13ef8c7"
FOREIGN KEY ("author_id")
  REFERENCES "authors" ("id")
)[0m
  [1m[35m (0.1ms)[0m  [1m[35mCREATE INDEX "index_posts_on_author_id" ON "posts" ("author_id")[0m
  [1m[36mActiveRecord::SchemaMigration Create (0.1ms)[0m  [1m[32mINSERT INTO "schema_migrations" ("version") VALUES ('20240503223726') RETURNING "version"[0m
  [1m[36mTRANSACTION (0.7ms)[0m  [1m[36mcommit transaction[0m
  [1m[36mActiveRecord::SchemaMigration Load (0.1ms)[0m  [1m[34mSELECT "schema_migrations"."version" FROM "schema_migrations" ORDER BY "schema_migrations"."version" ASC[0m
  [1m[36mActiveRecord::InternalMetadata Load (0.1ms)[0m  [1m[34mSELECT * FROM "ar_internal_metadata" WHERE "ar_internal_metadata"."key" = ? ORDER BY "ar_internal_metadata"."key" ASC LIMIT 1[0m  [[nil, "environment"]]
  [1m[36mActiveRecord::SchemaMigration Load (0.1ms)[0m  [1m[34mSELECT "schema_migrations"."version" FROM "schema_migrations" ORDER BY "schema_migrations"."version" ASC[0m
Migrating to CreateEmojis (20240503223943)
  [1m[36mTRANSACTION (0.0ms)[0m  [1m[36mbegin transaction[0m
  [1m[35m (1.0ms)[0m  [1m[35mCREATE TABLE "emojis" ("id" integer PRIMARY KEY AUTOINCREMENT NOT NULL, "name" varchar, "created_at" datetime(6) NOT NULL, "updated_at" datetime(6) NOT NULL)[0m
  [1m[36mActiveRecord::SchemaMigration Create (0.1ms)[0m  [1m[32mINSERT INTO "schema_migrations" ("version") VALUES ('20240503223943') RETURNING "version"[0m
  [1m[36mTRANSACTION (0.5ms)[0m  [1m[36mcommit transaction[0m
  [1m[36mActiveRecord::SchemaMigration Load (0.1ms)[0m  [1m[34mSELECT "schema_migrations"."version" FROM "schema_migrations" ORDER BY "schema_migrations"."version" ASC[0m
  [1m[36mActiveRecord::InternalMetadata Load (0.1ms)[0m  [1m[34mSELECT * FROM "ar_internal_metadata" WHERE "ar_internal_metadata"."key" = ? ORDER BY "ar_internal_metadata"."key" ASC LIMIT 1[0m  [[nil, "environment"]]
  [1m[36mActiveRecord::SchemaMigration Load (0.1ms)[0m  [1m[34mSELECT "schema_migrations"."version" FROM "schema_migrations" ORDER BY "schema_migrations"."version" ASC[0m
Migrating to CreateJoinTablePostEmoji (20240503224031)
  [1m[36mTRANSACTION (0.1ms)[0m  [1m[36mbegin transaction[0m
  [1m[35m (0.9ms)[0m  [1m[35mCREATE TABLE "emojis_posts" ("post_id" integer NOT NULL, "emoji_id" integer NOT NULL)[0m
  [1m[36mActiveRecord::SchemaMigration Create (0.1ms)[0m  [1m[32mINSERT INTO "schema_migrations" ("version") VALUES ('20240503224031') RETURNING "version"[0m
  [1m[36mTRANSACTION (0.4ms)[0m  [1m[36mcommit transaction[0m
  [1m[36mActiveRecord::SchemaMigration Load (0.0ms)[0m  [1m[34mSELECT "schema_migrations"."version" FROM "schema_migrations" ORDER BY "schema_migrations"."version" ASC[0m
Started GET "/posts" for 127.0.0.1 at 2024-05-04 01:41:47 +0300
  [1m[36mActiveRecord::SchemaMigration Load (0.1ms)[0m  [1m[34mSELECT "schema_migrations"."version" FROM "schema_migrations" ORDER BY "schema_migrations"."version" ASC[0m
Processing by PostsController#index as HTML
  Rendering layout layouts/application.html.erb
  Rendering posts/index.html.erb within layouts/application
  [1m[36mPost Load (0.1ms)[0m  [1m[34mSELECT "posts".* FROM "posts"[0m
  ↳ app/views/posts/index.html.erb:6
  Rendered posts/index.html.erb within layouts/application (Duration: 43.8ms | Allocations: 1612)
  Rendered layout layouts/application.html.erb (Duration: 537.2ms | Allocations: 118236)
Completed 200 OK in 610ms (Views: 468.9ms | ActiveRecord: 70.4ms | Allocations: 134506)


Started GET "/posts" for 127.0.0.1 at 2024-05-04 01:41:50 +0300
Processing by PostsController#index as HTML
  Rendering layout layouts/application.html.erb
  Rendering posts/index.html.erb within layouts/application
  [1m[36mPost Load (0.1ms)[0m  [1m[34mSELECT "posts".* FROM "posts"[0m
  ↳ app/views/posts/index.html.erb:6
  Rendered posts/index.html.erb within layouts/application (Duration: 14.1ms | Allocations: 3180)
  Rendered layout layouts/application.html.erb (Duration: 17.3ms | Allocations: 4857)
Completed 200 OK in 19ms (Views: 17.6ms | ActiveRecord: 0.1ms | Allocations: 5122)


Started GET "/authors" for 127.0.0.1 at 2024-05-04 01:41:55 +0300
Processing by AuthorsController#index as HTML
  Rendering layout layouts/application.html.erb
  Rendering authors/index.html.erb within layouts/application
  [1m[36mAuthor Load (0.2ms)[0m  [1m[34mSELECT "authors".* FROM "authors"[0m
  ↳ app/views/authors/index.html.erb:6
  Rendered authors/index.html.erb within layouts/application (Duration: 3.0ms | Allocations: 1031)
  Rendered layout layouts/application.html.erb (Duration: 8.1ms | Allocations: 2722)
Completed 200 OK in 17ms (Views: 9.0ms | ActiveRecord: 0.2ms | Allocations: 4786)


Started GET "/authors" for 127.0.0.1 at 2024-05-04 01:41:57 +0300
Processing by AuthorsController#index as HTML
  Rendering layout layouts/application.html.erb
  Rendering authors/index.html.erb within layouts/application
  [1m[36mAuthor Load (0.1ms)[0m  [1m[34mSELECT "authors".* FROM "authors"[0m
  ↳ app/views/authors/index.html.erb:6
  Rendered authors/index.html.erb within layouts/application (Duration: 2.0ms | Allocations: 741)
  Rendered layout layouts/application.html.erb (Duration: 6.5ms | Allocations: 2418)
Completed 200 OK in 8ms (Views: 7.0ms | ActiveRecord: 0.1ms | Allocations: 2682)


Started GET "/emoji" for 127.0.0.1 at 2024-05-04 01:42:02 +0300
  
ActionController::RoutingError (No route matches [GET] "/emoji"):
  
Started GET "/emojis" for 127.0.0.1 at 2024-05-04 01:42:05 +0300
Processing by EmojisController#index as HTML
  Rendering layout layouts/application.html.erb
  Rendering emojis/index.html.erb within layouts/application
  [1m[36mEmoji Load (0.2ms)[0m  [1m[34mSELECT "emojis".* FROM "emojis"[0m
  ↳ app/views/emojis/index.html.erb:6
  Rendered emojis/index.html.erb within layouts/application (Duration: 2.8ms | Allocations: 1028)
  Rendered layout layouts/application.html.erb (Duration: 8.8ms | Allocations: 2722)
Completed 200 OK in 12ms (Views: 9.8ms | ActiveRecord: 0.1ms | Allocations: 3569)


Started GET "/emojis/new" for 127.0.0.1 at 2024-05-04 01:42:07 +0300
Processing by EmojisController#new as HTML
  Rendering layout layouts/application.html.erb
  Rendering emojis/new.html.erb within layouts/application
  Rendered emojis/_form.html.erb (Duration: 7.4ms | Allocations: 2035)
  Rendered emojis/new.html.erb within layouts/application (Duration: 8.9ms | Allocations: 2320)
  Rendered layout layouts/application.html.erb (Duration: 12.9ms | Allocations: 3996)
Completed 200 OK in 37ms (Views: 13.4ms | ActiveRecord: 1.0ms | Allocations: 11279)


Started POST "/emojis" for 127.0.0.1 at 2024-05-04 01:42:14 +0300
Processing by EmojisController#create as TURBO_STREAM
  Parameters: {"authenticity_token"=>"[FILTERED]", "emoji"=>{"name"=>":)"}, "commit"=>"Create Emoji"}
  [1m[36mTRANSACTION (0.1ms)[0m  [1m[36mbegin transaction[0m
  ↳ app/controllers/emojis_controller.rb:27:in `block in create'
  [1m[36mEmoji Create (2.3ms)[0m  [1m[32mINSERT INTO "emojis" ("name", "created_at", "updated_at") VALUES (?, ?, ?) RETURNING "id"[0m  [["name", ":)"], ["created_at", "2024-05-03 22:42:14.703758"], ["updated_at", "2024-05-03 22:42:14.703758"]]
  ↳ app/controllers/emojis_controller.rb:27:in `block in create'
  [1m[36mTRANSACTION (508.9ms)[0m  [1m[36mcommit transaction[0m
  ↳ app/controllers/emojis_controller.rb:27:in `block in create'
Redirected to http://127.0.0.1:3000/emojis/1
Completed 302 Found in 525ms (ActiveRecord: 511.2ms | Allocations: 3719)


Started GET "/emojis/1" for 127.0.0.1 at 2024-05-04 01:42:15 +0300
Processing by EmojisController#show as TURBO_STREAM
  Parameters: {"id"=>"1"}
  [1m[36mEmoji Load (0.2ms)[0m  [1m[34mSELECT "emojis".* FROM "emojis" WHERE "emojis"."id" = ? LIMIT ?[0m  [["id", 1], ["LIMIT", 1]]
  ↳ app/controllers/emojis_controller.rb:63:in `set_emoji'
  Rendering layout layouts/application.html.erb
  Rendering emojis/show.html.erb within layouts/application
  Rendered emojis/_emoji.html.erb (Duration: 0.8ms | Allocations: 157)
  Rendered emojis/show.html.erb within layouts/application (Duration: 6.4ms | Allocations: 1346)
  Rendered layout layouts/application.html.erb (Duration: 12.3ms | Allocations: 3022)
Completed 200 OK in 22ms (Views: 12.9ms | ActiveRecord: 0.2ms | Allocations: 6005)


Started GET "/authors/new" for 127.0.0.1 at 2024-05-04 01:42:17 +0300
Processing by AuthorsController#new as HTML
  Rendering layout layouts/application.html.erb
  Rendering authors/new.html.erb within layouts/application
  Rendered authors/_form.html.erb (Duration: 2.4ms | Allocations: 1072)
  Rendered authors/new.html.erb within layouts/application (Duration: 5.0ms | Allocations: 1353)
  Rendered layout layouts/application.html.erb (Duration: 9.1ms | Allocations: 3029)
Completed 200 OK in 17ms (Views: 9.6ms | ActiveRecord: 0.5ms | Allocations: 5445)


Started POST "/authors" for 127.0.0.1 at 2024-05-04 01:42:20 +0300
Processing by AuthorsController#create as TURBO_STREAM
  Parameters: {"authenticity_token"=>"[FILTERED]", "author"=>{"name"=>"ahmed"}, "commit"=>"Create Author"}
  [1m[36mTRANSACTION (0.1ms)[0m  [1m[36mbegin transaction[0m
  ↳ app/controllers/authors_controller.rb:27:in `block in create'
  [1m[36mAuthor Create (2.3ms)[0m  [1m[32mINSERT INTO "authors" ("name", "created_at", "updated_at") VALUES (?, ?, ?) RETURNING "id"[0m  [["name", "ahmed"], ["created_at", "2024-05-03 22:42:20.578922"], ["updated_at", "2024-05-03 22:42:20.578922"]]
  ↳ app/controllers/authors_controller.rb:27:in `block in create'
  [1m[36mTRANSACTION (0.4ms)[0m  [1m[36mcommit transaction[0m
  ↳ app/controllers/authors_controller.rb:27:in `block in create'
Redirected to http://127.0.0.1:3000/authors/1
Completed 302 Found in 10ms (ActiveRecord: 2.8ms | Allocations: 2355)


Started GET "/authors/1" for 127.0.0.1 at 2024-05-04 01:42:20 +0300
Processing by AuthorsController#show as TURBO_STREAM
  Parameters: {"id"=>"1"}
  [1m[36mAuthor Load (0.1ms)[0m  [1m[34mSELECT "authors".* FROM "authors" WHERE "authors"."id" = ? LIMIT ?[0m  [["id", 1], ["LIMIT", 1]]
  ↳ app/controllers/authors_controller.rb:63:in `set_author'
  Rendering layout layouts/application.html.erb
  Rendering authors/show.html.erb within layouts/application
  Rendered authors/_author.html.erb (Duration: 0.7ms | Allocations: 140)
  Rendered authors/show.html.erb within layouts/application (Duration: 3.0ms | Allocations: 1054)
  Rendered layout layouts/application.html.erb (Duration: 7.6ms | Allocations: 2727)
Completed 200 OK in 11ms (Views: 8.1ms | ActiveRecord: 0.1ms | Allocations: 4075)


Started GET "/posts/new" for 127.0.0.1 at 2024-05-04 01:42:23 +0300
Processing by PostsController#new as HTML
  Rendering layout layouts/application.html.erb
  Rendering posts/new.html.erb within layouts/application
  Rendered posts/_form.html.erb (Duration: 14.7ms | Allocations: 13334)
  Rendered posts/new.html.erb within layouts/application (Duration: 16.2ms | Allocations: 13617)
  Rendered layout layouts/application.html.erb (Duration: 20.5ms | Allocations: 15297)
Completed 200 OK in 37ms (Views: 21.1ms | ActiveRecord: 0.6ms | Allocations: 20872)


Started POST "/posts" for 127.0.0.1 at 2024-05-04 01:42:34 +0300
Processing by PostsController#create as TURBO_STREAM
  Parameters: {"authenticity_token"=>"[FILTERED]", "post"=>{"title"=>"aaa", "content"=>"aaaaa", "author_id"=>"ahmed"}, "commit"=>"Create Post"}
  [1m[36mTRANSACTION (0.1ms)[0m  [1m[36mbegin transaction[0m
  ↳ app/controllers/posts_controller.rb:27:in `block in create'
  [1m[36mAuthor Load (1.6ms)[0m  [1m[34mSELECT "authors".* FROM "authors" WHERE "authors"."id" = ? LIMIT ?[0m  [["id", 0], ["LIMIT", 1]]
  ↳ app/controllers/posts_controller.rb:27:in `block in create'
  [1m[36mTRANSACTION (0.0ms)[0m  [1m[31mrollback transaction[0m
  ↳ app/controllers/posts_controller.rb:27:in `block in create'
  Rendering layout layouts/application.html.erb
  Rendering posts/new.html.erb within layouts/application
  Rendered posts/_form.html.erb (Duration: 1.9ms | Allocations: 1188)
  Rendered posts/new.html.erb within layouts/application (Duration: 2.3ms | Allocations: 1267)
  Rendered layout layouts/application.html.erb (Duration: 6.8ms | Allocations: 2939)
Completed 422 Unprocessable Entity in 33ms (Views: 7.5ms | ActiveRecord: 1.7ms | Allocations: 10235)


Started GET "/posts" for 127.0.0.1 at 2024-05-04 01:42:36 +0300
Processing by PostsController#index as HTML
  Rendering layout layouts/application.html.erb
  Rendering posts/index.html.erb within layouts/application
  [1m[36mPost Load (0.1ms)[0m  [1m[34mSELECT "posts".* FROM "posts"[0m
  ↳ app/views/posts/index.html.erb:6
  Rendered posts/index.html.erb within layouts/application (Duration: 3.8ms | Allocations: 744)
  Rendered layout layouts/application.html.erb (Duration: 14.9ms | Allocations: 2422)
Completed 200 OK in 19ms (Views: 15.9ms | ActiveRecord: 0.1ms | Allocations: 2680)


Started POST "/posts" for 127.0.0.1 at 2024-05-04 01:42:37 +0300
Processing by PostsController#create as TURBO_STREAM
  Parameters: {"authenticity_token"=>"[FILTERED]", "post"=>{"title"=>"aaa", "content"=>"aaaaa", "author_id"=>"1"}, "commit"=>"Create Post"}
  [1m[36mTRANSACTION (0.1ms)[0m  [1m[36mbegin transaction[0m
  ↳ app/controllers/posts_controller.rb:27:in `block in create'
  [1m[36mAuthor Load (4.9ms)[0m  [1m[34mSELECT "authors".* FROM "authors" WHERE "authors"."id" = ? LIMIT ?[0m  [["id", 1], ["LIMIT", 1]]
  ↳ app/controllers/posts_controller.rb:27:in `block in create'
  [1m[36mPost Create (0.3ms)[0m  [1m[32mINSERT INTO "posts" ("title", "content", "author_id", "created_at", "updated_at") VALUES (?, ?, ?, ?, ?) RETURNING "id"[0m  [["title", "aaa"], ["content", "aaaaa"], ["author_id", 1], ["created_at", "2024-05-03 22:42:37.361650"], ["updated_at", "2024-05-03 22:42:37.361650"]]
  ↳ app/controllers/posts_controller.rb:27:in `block in create'
  [1m[36mTRANSACTION (0.7ms)[0m  [1m[36mcommit transaction[0m
  ↳ app/controllers/posts_controller.rb:27:in `block in create'
Redirected to http://127.0.0.1:3000/posts/1
Completed 302 Found in 22ms (ActiveRecord: 6.0ms | Allocations: 3142)


Started GET "/posts/1" for 127.0.0.1 at 2024-05-04 01:42:37 +0300
Processing by PostsController#show as TURBO_STREAM
  Parameters: {"id"=>"1"}
  [1m[36mPost Load (0.1ms)[0m  [1m[34mSELECT "posts".* FROM "posts" WHERE "posts"."id" = ? LIMIT ?[0m  [["id", 1], ["LIMIT", 1]]
  ↳ app/controllers/posts_controller.rb:63:in `set_post'
  Rendering layout layouts/application.html.erb
  Rendering posts/show.html.erb within layouts/application
  Rendered posts/_post.html.erb (Duration: 0.7ms | Allocations: 191)
  Rendered posts/show.html.erb within layouts/application (Duration: 3.4ms | Allocations: 1082)
  Rendered layout layouts/application.html.erb (Duration: 7.2ms | Allocations: 2754)
Completed 200 OK in 12ms (Views: 7.8ms | ActiveRecord: 0.1ms | Allocations: 4110)


Started GET "/posts" for 127.0.0.1 at 2024-05-04 01:42:39 +0300
Processing by PostsController#index as HTML
  Rendering layout layouts/application.html.erb
  Rendering posts/index.html.erb within layouts/application
  [1m[36mPost Load (0.1ms)[0m  [1m[34mSELECT "posts".* FROM "posts"[0m
  ↳ app/views/posts/index.html.erb:6
  Rendered posts/_post.html.erb (Duration: 0.1ms | Allocations: 20)
  Rendered posts/index.html.erb within layouts/application (Duration: 2.9ms | Allocations: 863)
  Rendered layout layouts/application.html.erb (Duration: 8.9ms | Allocations: 2544)
Completed 200 OK in 11ms (Views: 9.5ms | ActiveRecord: 0.1ms | Allocations: 2803)


Started GET "/posts/1/edit" for 127.0.0.1 at 2024-05-04 01:42:40 +0300
Processing by PostsController#edit as HTML
  Parameters: {"id"=>"1"}
  [1m[36mPost Load (0.1ms)[0m  [1m[34mSELECT "posts".* FROM "posts" WHERE "posts"."id" = ? LIMIT ?[0m  [["id", 1], ["LIMIT", 1]]
  ↳ app/controllers/posts_controller.rb:63:in `set_post'
  Rendering layout layouts/application.html.erb
  Rendering posts/edit.html.erb within layouts/application
  Rendered posts/_form.html.erb (Duration: 2.1ms | Allocations: 1118)
  Rendered posts/edit.html.erb within layouts/application (Duration: 3.4ms | Allocations: 1373)
  Rendered layout layouts/application.html.erb (Duration: 7.3ms | Allocations: 3045)
Completed 200 OK in 11ms (Views: 7.9ms | ActiveRecord: 0.1ms | Allocations: 3726)


Started PATCH "/posts/1" for 127.0.0.1 at 2024-05-04 01:42:41 +0300
Processing by PostsController#update as TURBO_STREAM
  Parameters: {"authenticity_token"=>"[FILTERED]", "post"=>{"title"=>"aaa", "content"=>"aaaaa", "author_id"=>"1"}, "commit"=>"Update Post", "id"=>"1"}
  [1m[36mPost Load (0.2ms)[0m  [1m[34mSELECT "posts".* FROM "posts" WHERE "posts"."id" = ? LIMIT ?[0m  [["id", 1], ["LIMIT", 1]]
  ↳ app/controllers/posts_controller.rb:63:in `set_post'
Redirected to http://127.0.0.1:3000/posts/1
Completed 302 Found in 9ms (ActiveRecord: 0.1ms | Allocations: 1166)


Started GET "/posts/1" for 127.0.0.1 at 2024-05-04 01:42:41 +0300
Processing by PostsController#show as TURBO_STREAM
  Parameters: {"id"=>"1"}
  [1m[36mPost Load (0.1ms)[0m  [1m[34mSELECT "posts".* FROM "posts" WHERE "posts"."id" = ? LIMIT ?[0m  [["id", 1], ["LIMIT", 1]]
  ↳ app/controllers/posts_controller.rb:63:in `set_post'
  Rendering layout layouts/application.html.erb
  Rendering posts/show.html.erb within layouts/application
  Rendered posts/_post.html.erb (Duration: 0.1ms | Allocations: 20)
  Rendered posts/show.html.erb within layouts/application (Duration: 1.4ms | Allocations: 603)
  Rendered layout layouts/application.html.erb (Duration: 6.0ms | Allocations: 2276)
Completed 200 OK in 9ms (Views: 6.8ms | ActiveRecord: 0.1ms | Allocations: 2894)


Started GET "/posts" for 127.0.0.1 at 2024-05-04 01:42:42 +0300
Processing by PostsController#index as HTML
  Rendering layout layouts/application.html.erb
  Rendering posts/index.html.erb within layouts/application
  [1m[36mPost Load (0.2ms)[0m  [1m[34mSELECT "posts".* FROM "posts"[0m
  ↳ app/views/posts/index.html.erb:6
  Rendered posts/_post.html.erb (Duration: 0.2ms | Allocations: 20)
  Rendered posts/index.html.erb within layouts/application (Duration: 5.4ms | Allocations: 865)
  Rendered layout layouts/application.html.erb (Duration: 17.7ms | Allocations: 2543)
Completed 200 OK in 23ms (Views: 18.7ms | ActiveRecord: 0.2ms | Allocations: 2801)


Started GET "/posts/1/edit" for 127.0.0.1 at 2024-05-04 01:42:43 +0300
Processing by PostsController#edit as HTML
  Parameters: {"id"=>"1"}
  [1m[36mPost Load (0.2ms)[0m  [1m[34mSELECT "posts".* FROM "posts" WHERE "posts"."id" = ? LIMIT ?[0m  [["id", 1], ["LIMIT", 1]]
  ↳ app/controllers/posts_controller.rb:63:in `set_post'
  Rendering layout layouts/application.html.erb
  Rendering posts/edit.html.erb within layouts/application
  Rendered posts/_form.html.erb (Duration: 3.6ms | Allocations: 1070)
  Rendered posts/edit.html.erb within layouts/application (Duration: 4.3ms | Allocations: 1174)
  Rendered layout layouts/application.html.erb (Duration: 11.1ms | Allocations: 2846)
Completed 200 OK in 20ms (Views: 12.2ms | ActiveRecord: 0.2ms | Allocations: 3460)


Started PATCH "/posts/1" for 127.0.0.1 at 2024-05-04 01:42:45 +0300
Processing by PostsController#update as TURBO_STREAM
  Parameters: {"authenticity_token"=>"[FILTERED]", "post"=>{"title"=>"aaa", "content"=>"aaaaaa", "author_id"=>"1"}, "commit"=>"Update Post", "id"=>"1"}
  [1m[36mPost Load (0.1ms)[0m  [1m[34mSELECT "posts".* FROM "posts" WHERE "posts"."id" = ? LIMIT ?[0m  [["id", 1], ["LIMIT", 1]]
  ↳ app/controllers/posts_controller.rb:63:in `set_post'
  [1m[36mTRANSACTION (0.1ms)[0m  [1m[36mbegin transaction[0m
  ↳ app/controllers/posts_controller.rb:40:in `block in update'
  [1m[36mPost Update (6.0ms)[0m  [1m[33mUPDATE "posts" SET "content" = ?, "updated_at" = ? WHERE "posts"."id" = ?[0m  [["content", "aaaaaa"], ["updated_at", "2024-05-03 22:42:45.589307"], ["id", 1]]
  ↳ app/controllers/posts_controller.rb:40:in `block in update'
  [1m[36mTRANSACTION (0.2ms)[0m  [1m[36mcommit transaction[0m
  ↳ app/controllers/posts_controller.rb:40:in `block in update'
Redirected to http://127.0.0.1:3000/posts/1
Completed 302 Found in 14ms (ActiveRecord: 6.3ms | Allocations: 2712)


Started GET "/posts/1" for 127.0.0.1 at 2024-05-04 01:42:45 +0300
Processing by PostsController#show as TURBO_STREAM
  Parameters: {"id"=>"1"}
  [1m[36mPost Load (0.1ms)[0m  [1m[34mSELECT "posts".* FROM "posts" WHERE "posts"."id" = ? LIMIT ?[0m  [["id", 1], ["LIMIT", 1]]
  ↳ app/controllers/posts_controller.rb:63:in `set_post'
  Rendering layout layouts/application.html.erb
  Rendering posts/show.html.erb within layouts/application
  Rendered posts/_post.html.erb (Duration: 0.1ms | Allocations: 20)
  Rendered posts/show.html.erb within layouts/application (Duration: 1.1ms | Allocations: 591)
  Rendered layout layouts/application.html.erb (Duration: 5.5ms | Allocations: 2267)
Completed 200 OK in 8ms (Views: 6.0ms | ActiveRecord: 0.1ms | Allocations: 2884)


Started GET "/posts" for 127.0.0.1 at 2024-05-04 01:42:46 +0300
Processing by PostsController#index as HTML
  Rendering layout layouts/application.html.erb
  Rendering posts/index.html.erb within layouts/application
  [1m[36mPost Load (0.2ms)[0m  [1m[34mSELECT "posts".* FROM "posts"[0m
  ↳ app/views/posts/index.html.erb:6
  Rendered posts/_post.html.erb (Duration: 0.2ms | Allocations: 20)
  Rendered posts/index.html.erb within layouts/application (Duration: 6.5ms | Allocations: 853)
  Rendered layout layouts/application.html.erb (Duration: 17.6ms | Allocations: 2530)
Completed 200 OK in 22ms (Views: 18.6ms | ActiveRecord: 0.2ms | Allocations: 2788)


Started GET "/authors/1/edit" for 127.0.0.1 at 2024-05-04 01:42:50 +0300
Processing by AuthorsController#edit as HTML
  Parameters: {"id"=>"1"}
  [1m[36mAuthor Load (0.2ms)[0m  [1m[34mSELECT "authors".* FROM "authors" WHERE "authors"."id" = ? LIMIT ?[0m  [["id", 1], ["LIMIT", 1]]
  ↳ app/controllers/authors_controller.rb:63:in `set_author'
  Rendering layout layouts/application.html.erb
  Rendering authors/edit.html.erb within layouts/application
  Rendered authors/_form.html.erb (Duration: 3.6ms | Allocations: 731)
  Rendered authors/edit.html.erb within layouts/application (Duration: 7.1ms | Allocations: 984)
  Rendered layout layouts/application.html.erb (Duration: 15.5ms | Allocations: 2657)
Completed 200 OK in 27ms (Views: 17.4ms | ActiveRecord: 0.1ms | Allocations: 3338)


Started PATCH "/authors/1" for 127.0.0.1 at 2024-05-04 01:42:53 +0300
Processing by AuthorsController#update as TURBO_STREAM
  Parameters: {"authenticity_token"=>"[FILTERED]", "author"=>{"name"=>"ahmed2"}, "commit"=>"Update Author", "id"=>"1"}
  [1m[36mAuthor Load (0.1ms)[0m  [1m[34mSELECT "authors".* FROM "authors" WHERE "authors"."id" = ? LIMIT ?[0m  [["id", 1], ["LIMIT", 1]]
  ↳ app/controllers/authors_controller.rb:63:in `set_author'
  [1m[36mTRANSACTION (0.1ms)[0m  [1m[36mbegin transaction[0m
  ↳ app/controllers/authors_controller.rb:40:in `block in update'
  [1m[36mAuthor Update (1.5ms)[0m  [1m[33mUPDATE "authors" SET "name" = ?, "updated_at" = ? WHERE "authors"."id" = ?[0m  [["name", "ahmed2"], ["updated_at", "2024-05-03 22:42:53.346853"], ["id", 1]]
  ↳ app/controllers/authors_controller.rb:40:in `block in update'
  [1m[36mTRANSACTION (0.2ms)[0m  [1m[36mcommit transaction[0m
  ↳ app/controllers/authors_controller.rb:40:in `block in update'
Redirected to http://127.0.0.1:3000/authors/1
Completed 302 Found in 10ms (ActiveRecord: 1.9ms | Allocations: 2622)


Started GET "/authors/1" for 127.0.0.1 at 2024-05-04 01:42:53 +0300
Processing by AuthorsController#show as TURBO_STREAM
  Parameters: {"id"=>"1"}
  [1m[36mAuthor Load (0.1ms)[0m  [1m[34mSELECT "authors".* FROM "authors" WHERE "authors"."id" = ? LIMIT ?[0m  [["id", 1], ["LIMIT", 1]]
  ↳ app/controllers/authors_controller.rb:63:in `set_author'
  Rendering layout layouts/application.html.erb
  Rendering authors/show.html.erb within layouts/application
  Rendered authors/_author.html.erb (Duration: 0.0ms | Allocations: 16)
  Rendered authors/show.html.erb within layouts/application (Duration: 0.8ms | Allocations: 611)
  Rendered layout layouts/application.html.erb (Duration: 4.1ms | Allocations: 2284)
Completed 200 OK in 6ms (Views: 4.5ms | ActiveRecord: 0.1ms | Allocations: 2900)


Started GET "/authors" for 127.0.0.1 at 2024-05-04 01:42:54 +0300
Processing by AuthorsController#index as HTML
  Rendering layout layouts/application.html.erb
  Rendering authors/index.html.erb within layouts/application
  [1m[36mAuthor Load (0.2ms)[0m  [1m[34mSELECT "authors".* FROM "authors"[0m
  ↳ app/views/authors/index.html.erb:6
  Rendered authors/_author.html.erb (Duration: 0.2ms | Allocations: 16)
  Rendered authors/index.html.erb within layouts/application (Duration: 6.0ms | Allocations: 867)
  Rendered layout layouts/application.html.erb (Duration: 17.8ms | Allocations: 2544)
Completed 200 OK in 23ms (Views: 19.3ms | ActiveRecord: 0.1ms | Allocations: 2802)


Started GET "/emojis/1/edit" for 127.0.0.1 at 2024-05-04 01:42:56 +0300
Processing by EmojisController#edit as HTML
  Parameters: {"id"=>"1"}
  [1m[36mEmoji Load (0.2ms)[0m  [1m[34mSELECT "emojis".* FROM "emojis" WHERE "emojis"."id" = ? LIMIT ?[0m  [["id", 1], ["LIMIT", 1]]
  ↳ app/controllers/emojis_controller.rb:63:in `set_emoji'
  Rendering layout layouts/application.html.erb
  Rendering emojis/edit.html.erb within layouts/application
  Rendered emojis/_form.html.erb (Duration: 3.1ms | Allocations: 740)
  Rendered emojis/edit.html.erb within layouts/application (Duration: 6.7ms | Allocations: 994)
  Rendered layout layouts/application.html.erb (Duration: 16.0ms | Allocations: 2670)
Completed 200 OK in 26ms (Views: 17.4ms | ActiveRecord: 0.2ms | Allocations: 3351)


Started PATCH "/emojis/1" for 127.0.0.1 at 2024-05-04 01:42:59 +0300
Processing by EmojisController#update as TURBO_STREAM
  Parameters: {"authenticity_token"=>"[FILTERED]", "emoji"=>{"name"=>":)"}, "commit"=>"Update Emoji", "id"=>"1"}
  [1m[36mEmoji Load (0.2ms)[0m  [1m[34mSELECT "emojis".* FROM "emojis" WHERE "emojis"."id" = ? LIMIT ?[0m  [["id", 1], ["LIMIT", 1]]
  ↳ app/controllers/emojis_controller.rb:63:in `set_emoji'
Redirected to http://127.0.0.1:3000/emojis/1
Completed 302 Found in 8ms (ActiveRecord: 0.2ms | Allocations: 1082)


Started GET "/emojis/1" for 127.0.0.1 at 2024-05-04 01:42:59 +0300
Processing by EmojisController#show as TURBO_STREAM
  Parameters: {"id"=>"1"}
  [1m[36mEmoji Load (0.2ms)[0m  [1m[34mSELECT "emojis".* FROM "emojis" WHERE "emojis"."id" = ? LIMIT ?[0m  [["id", 1], ["LIMIT", 1]]
  ↳ app/controllers/emojis_controller.rb:63:in `set_emoji'
  Rendering layout layouts/application.html.erb
  Rendering emojis/show.html.erb within layouts/application
  Rendered emojis/_emoji.html.erb (Duration: 0.1ms | Allocations: 16)
  Rendered emojis/show.html.erb within layouts/application (Duration: 2.4ms | Allocations: 569)
  Rendered layout layouts/application.html.erb (Duration: 10.0ms | Allocations: 2241)
Completed 200 OK in 17ms (Views: 11.0ms | ActiveRecord: 0.2ms | Allocations: 2857)


Started GET "/emojis" for 127.0.0.1 at 2024-05-04 01:43:01 +0300
Processing by EmojisController#index as HTML
  Rendering layout layouts/application.html.erb
  Rendering emojis/index.html.erb within layouts/application
  [1m[36mEmoji Load (0.1ms)[0m  [1m[34mSELECT "emojis".* FROM "emojis"[0m
  ↳ app/views/emojis/index.html.erb:6
  Rendered emojis/_emoji.html.erb (Duration: 0.1ms | Allocations: 16)
  Rendered emojis/index.html.erb within layouts/application (Duration: 2.6ms | Allocations: 873)
  Rendered layout layouts/application.html.erb (Duration: 6.4ms | Allocations: 2550)
Completed 200 OK in 9ms (Views: 6.9ms | ActiveRecord: 0.1ms | Allocations: 2809)


Started GET "/emojis/new" for 127.0.0.1 at 2024-05-04 01:45:39 +0300
Processing by EmojisController#new as HTML
  Rendering layout layouts/application.html.erb
  Rendering emojis/new.html.erb within layouts/application
  Rendered emojis/_form.html.erb (Duration: 2.1ms | Allocations: 1077)
  Rendered emojis/new.html.erb within layouts/application (Duration: 3.6ms | Allocations: 1368)
  Rendered layout layouts/application.html.erb (Duration: 57.6ms | Allocations: 23856)
Completed 200 OK in 75ms (Views: 59.5ms | ActiveRecord: 3.8ms | Allocations: 29810)


Started GET "/emojis/1" for 127.0.0.1 at 2024-05-04 01:45:39 +0300
Processing by EmojisController#show as HTML
  Parameters: {"id"=>"1"}
  [1m[36mEmoji Load (0.4ms)[0m  [1m[34mSELECT "emojis".* FROM "emojis" WHERE "emojis"."id" = ? LIMIT ?[0m  [["id", 1], ["LIMIT", 1]]
  ↳ app/controllers/emojis_controller.rb:63:in `set_emoji'
  Rendering layout layouts/application.html.erb
  Rendering emojis/show.html.erb within layouts/application
  Rendered emojis/_emoji.html.erb (Duration: 1.3ms | Allocations: 145)
  Rendered emojis/show.html.erb within layouts/application (Duration: 9.1ms | Allocations: 1035)
  Rendered layout layouts/application.html.erb (Duration: 16.5ms | Allocations: 2707)
Completed 200 OK in 27ms (Views: 18.0ms | ActiveRecord: 0.4ms | Allocations: 4115)


Started GET "/emojis/1/edit" for 127.0.0.1 at 2024-05-04 01:45:41 +0300
Processing by EmojisController#edit as HTML
  Parameters: {"id"=>"1"}
  [1m[36mEmoji Load (0.2ms)[0m  [1m[34mSELECT "emojis".* FROM "emojis" WHERE "emojis"."id" = ? LIMIT ?[0m  [["id", 1], ["LIMIT", 1]]
  ↳ app/controllers/emojis_controller.rb:63:in `set_emoji'
  Rendering layout layouts/application.html.erb
  Rendering emojis/edit.html.erb within layouts/application
  Rendered emojis/_form.html.erb (Duration: 3.6ms | Allocations: 734)
  Rendered emojis/edit.html.erb within layouts/application (Duration: 5.8ms | Allocations: 983)
  Rendered layout layouts/application.html.erb (Duration: 12.6ms | Allocations: 2655)
Completed 200 OK in 21ms (Views: 13.5ms | ActiveRecord: 0.2ms | Allocations: 3334)


Started PATCH "/emojis/1" for 127.0.0.1 at 2024-05-04 01:45:42 +0300
Processing by EmojisController#update as TURBO_STREAM
  Parameters: {"authenticity_token"=>"[FILTERED]", "emoji"=>{"name"=>":)"}, "commit"=>"Update Emoji", "id"=>"1"}
  [1m[36mEmoji Load (0.2ms)[0m  [1m[34mSELECT "emojis".* FROM "emojis" WHERE "emojis"."id" = ? LIMIT ?[0m  [["id", 1], ["LIMIT", 1]]
  ↳ app/controllers/emojis_controller.rb:63:in `set_emoji'
Redirected to http://127.0.0.1:3000/emojis/1
Completed 302 Found in 11ms (ActiveRecord: 0.2ms | Allocations: 1248)


Started GET "/emojis/1" for 127.0.0.1 at 2024-05-04 01:45:42 +0300
Processing by EmojisController#show as TURBO_STREAM
  Parameters: {"id"=>"1"}
  [1m[36mEmoji Load (0.1ms)[0m  [1m[34mSELECT "emojis".* FROM "emojis" WHERE "emojis"."id" = ? LIMIT ?[0m  [["id", 1], ["LIMIT", 1]]
  ↳ app/controllers/emojis_controller.rb:63:in `set_emoji'
  Rendering layout layouts/application.html.erb
  Rendering emojis/show.html.erb within layouts/application
  Rendered emojis/_emoji.html.erb (Duration: 0.1ms | Allocations: 16)
  Rendered emojis/show.html.erb within layouts/application (Duration: 2.6ms | Allocations: 613)
  Rendered layout layouts/application.html.erb (Duration: 7.2ms | Allocations: 2286)
Completed 200 OK in 12ms (Views: 7.9ms | ActiveRecord: 0.1ms | Allocations: 2946)


Started GET "/emojis/1" for 127.0.0.1 at 2024-05-04 01:45:43 +0300
Processing by EmojisController#show as HTML
  Parameters: {"id"=>"1"}
  [1m[36mEmoji Load (0.1ms)[0m  [1m[34mSELECT "emojis".* FROM "emojis" WHERE "emojis"."id" = ? LIMIT ?[0m  [["id", 1], ["LIMIT", 1]]
  ↳ app/controllers/emojis_controller.rb:63:in `set_emoji'
  Rendering layout layouts/application.html.erb
  Rendering emojis/show.html.erb within layouts/application
  Rendered emojis/_emoji.html.erb (Duration: 0.0ms | Allocations: 16)
  Rendered emojis/show.html.erb within layouts/application (Duration: 1.0ms | Allocations: 560)
  Rendered layout layouts/application.html.erb (Duration: 5.6ms | Allocations: 2232)
Completed 200 OK in 8ms (Views: 6.2ms | ActiveRecord: 0.1ms | Allocations: 2843)


Started GET "/emojis/1/edit" for 127.0.0.1 at 2024-05-04 01:45:43 +0300
Processing by EmojisController#edit as HTML
  Parameters: {"id"=>"1"}
  [1m[36mEmoji Load (0.1ms)[0m  [1m[34mSELECT "emojis".* FROM "emojis" WHERE "emojis"."id" = ? LIMIT ?[0m  [["id", 1], ["LIMIT", 1]]
  ↳ app/controllers/emojis_controller.rb:63:in `set_emoji'
  Rendering layout layouts/application.html.erb
  Rendering emojis/edit.html.erb within layouts/application
  Rendered emojis/_form.html.erb (Duration: 1.7ms | Allocations: 721)
  Rendered emojis/edit.html.erb within layouts/application (Duration: 2.4ms | Allocations: 825)
  Rendered layout layouts/application.html.erb (Duration: 9.5ms | Allocations: 2497)
Completed 200 OK in 13ms (Views: 10.3ms | ActiveRecord: 0.1ms | Allocations: 3111)


Started PATCH "/emojis/1" for 127.0.0.1 at 2024-05-04 01:45:45 +0300
Processing by EmojisController#update as TURBO_STREAM
  Parameters: {"authenticity_token"=>"[FILTERED]", "emoji"=>{"name"=>":)"}, "commit"=>"Update Emoji", "id"=>"1"}
  [1m[36mEmoji Load (0.2ms)[0m  [1m[34mSELECT "emojis".* FROM "emojis" WHERE "emojis"."id" = ? LIMIT ?[0m  [["id", 1], ["LIMIT", 1]]
  ↳ app/controllers/emojis_controller.rb:63:in `set_emoji'
Redirected to http://127.0.0.1:3000/emojis/1
Completed 302 Found in 12ms (ActiveRecord: 0.2ms | Allocations: 1025)


Started GET "/emojis/1" for 127.0.0.1 at 2024-05-04 01:45:45 +0300
Processing by EmojisController#show as TURBO_STREAM
  Parameters: {"id"=>"1"}
  [1m[36mEmoji Load (0.1ms)[0m  [1m[34mSELECT "emojis".* FROM "emojis" WHERE "emojis"."id" = ? LIMIT ?[0m  [["id", 1], ["LIMIT", 1]]
  ↳ app/controllers/emojis_controller.rb:63:in `set_emoji'
  Rendering layout layouts/application.html.erb
  Rendering emojis/show.html.erb within layouts/application
  Rendered emojis/_emoji.html.erb (Duration: 0.1ms | Allocations: 16)
  Rendered emojis/show.html.erb within layouts/application (Duration: 1.6ms | Allocations: 581)
  Rendered layout layouts/application.html.erb (Duration: 5.0ms | Allocations: 2257)
Completed 200 OK in 8ms (Views: 5.6ms | ActiveRecord: 0.1ms | Allocations: 2873)


Started GET "/emojis/1/edit" for 127.0.0.1 at 2024-05-04 01:45:45 +0300
Processing by EmojisController#edit as HTML
  Parameters: {"id"=>"1"}
  [1m[36mEmoji Load (0.1ms)[0m  [1m[34mSELECT "emojis".* FROM "emojis" WHERE "emojis"."id" = ? LIMIT ?[0m  [["id", 1], ["LIMIT", 1]]
  ↳ app/controllers/emojis_controller.rb:63:in `set_emoji'
  Rendering layout layouts/application.html.erb
  Rendering emojis/edit.html.erb within layouts/application
  Rendered emojis/_form.html.erb (Duration: 1.9ms | Allocations: 709)
  Rendered emojis/edit.html.erb within layouts/application (Duration: 2.5ms | Allocations: 813)
  Rendered layout layouts/application.html.erb (Duration: 8.4ms | Allocations: 2485)
Completed 200 OK in 12ms (Views: 9.1ms | ActiveRecord: 0.1ms | Allocations: 3099)


Started GET "/posts" for 127.0.0.1 at 2024-05-04 01:45:50 +0300
Processing by PostsController#index as HTML
  Rendering layout layouts/application.html.erb
  Rendering posts/index.html.erb within layouts/application
  [1m[36mPost Load (0.2ms)[0m  [1m[34mSELECT "posts".* FROM "posts"[0m
  ↳ app/views/posts/index.html.erb:6
  Rendered posts/_post.html.erb (Duration: 0.6ms | Allocations: 197)
  Rendered posts/index.html.erb within layouts/application (Duration: 7.1ms | Allocations: 4244)
  Rendered layout layouts/application.html.erb (Duration: 11.8ms | Allocations: 5935)
Completed 200 OK in 24ms (Views: 12.8ms | ActiveRecord: 0.4ms | Allocations: 9157)


Started GET "/posts/1" for 127.0.0.1 at 2024-05-04 01:45:50 +0300
Processing by PostsController#show as HTML
  Parameters: {"id"=>"1"}
  [1m[36mPost Load (0.2ms)[0m  [1m[34mSELECT "posts".* FROM "posts" WHERE "posts"."id" = ? LIMIT ?[0m  [["id", 1], ["LIMIT", 1]]
  ↳ app/controllers/posts_controller.rb:63:in `set_post'
  Rendering layout layouts/application.html.erb
  Rendering posts/show.html.erb within layouts/application
  Rendered posts/_post.html.erb (Duration: 0.1ms | Allocations: 20)
  Rendered posts/show.html.erb within layouts/application (Duration: 2.6ms | Allocations: 753)
  Rendered layout layouts/application.html.erb (Duration: 8.2ms | Allocations: 2426)
Completed 200 OK in 14ms (Views: 8.8ms | ActiveRecord: 0.2ms | Allocations: 3771)


Started GET "/posts/1/edit" for 127.0.0.1 at 2024-05-04 01:45:51 +0300
Processing by PostsController#edit as HTML
  Parameters: {"id"=>"1"}
  [1m[36mPost Load (0.1ms)[0m  [1m[34mSELECT "posts".* FROM "posts" WHERE "posts"."id" = ? LIMIT ?[0m  [["id", 1], ["LIMIT", 1]]
  ↳ app/controllers/posts_controller.rb:63:in `set_post'
  Rendering layout layouts/application.html.erb
  Rendering posts/edit.html.erb within layouts/application
  Rendered posts/_form.html.erb (Duration: 2.8ms | Allocations: 1432)
  Rendered posts/edit.html.erb within layouts/application (Duration: 4.9ms | Allocations: 1749)
  Rendered layout layouts/application.html.erb (Duration: 10.5ms | Allocations: 3421)
Completed 200 OK in 17ms (Views: 11.3ms | ActiveRecord: 0.1ms | Allocations: 4101)


Started GET "/posts/1" for 127.0.0.1 at 2024-05-04 01:45:52 +0300
Processing by PostsController#show as HTML
  Parameters: {"id"=>"1"}
  [1m[36mPost Load (0.2ms)[0m  [1m[34mSELECT "posts".* FROM "posts" WHERE "posts"."id" = ? LIMIT ?[0m  [["id", 1], ["LIMIT", 1]]
  ↳ app/controllers/posts_controller.rb:63:in `set_post'
  Rendering layout layouts/application.html.erb
  Rendering posts/show.html.erb within layouts/application
  Rendered posts/_post.html.erb (Duration: 0.2ms | Allocations: 20)
  Rendered posts/show.html.erb within layouts/application (Duration: 3.7ms | Allocations: 570)
  Rendered layout layouts/application.html.erb (Duration: 16.3ms | Allocations: 2246)
Completed 200 OK in 25ms (Views: 18.3ms | ActiveRecord: 0.2ms | Allocations: 2861)


Started PATCH "/posts/1" for 127.0.0.1 at 2024-05-04 01:45:53 +0300
Processing by PostsController#update as TURBO_STREAM
  Parameters: {"authenticity_token"=>"[FILTERED]", "post"=>{"title"=>"aaa", "content"=>"aaaaaa", "author_id"=>"1"}, "commit"=>"Update Post", "id"=>"1"}
  [1m[36mPost Load (0.2ms)[0m  [1m[34mSELECT "posts".* FROM "posts" WHERE "posts"."id" = ? LIMIT ?[0m  [["id", 1], ["LIMIT", 1]]
  ↳ app/controllers/posts_controller.rb:63:in `set_post'
Redirected to http://127.0.0.1:3000/posts/1
Completed 302 Found in 12ms (ActiveRecord: 0.2ms | Allocations: 1322)


Started GET "/posts/1" for 127.0.0.1 at 2024-05-04 01:45:53 +0300
Processing by PostsController#show as TURBO_STREAM
  Parameters: {"id"=>"1"}
  [1m[36mPost Load (0.1ms)[0m  [1m[34mSELECT "posts".* FROM "posts" WHERE "posts"."id" = ? LIMIT ?[0m  [["id", 1], ["LIMIT", 1]]
  ↳ app/controllers/posts_controller.rb:63:in `set_post'
  Rendering layout layouts/application.html.erb
  Rendering posts/show.html.erb within layouts/application
  Rendered posts/_post.html.erb (Duration: 0.1ms | Allocations: 20)
  Rendered posts/show.html.erb within layouts/application (Duration: 1.7ms | Allocations: 609)
  Rendered layout layouts/application.html.erb (Duration: 5.7ms | Allocations: 2282)
Completed 200 OK in 9ms (Views: 6.3ms | ActiveRecord: 0.1ms | Allocations: 2900)


Started GET "/posts" for 127.0.0.1 at 2024-05-04 01:45:54 +0300
Processing by PostsController#index as HTML
  Rendering layout layouts/application.html.erb
  Rendering posts/index.html.erb within layouts/application
  [1m[36mPost Load (0.2ms)[0m  [1m[34mSELECT "posts".* FROM "posts"[0m
  ↳ app/views/posts/index.html.erb:6
  Rendered posts/_post.html.erb (Duration: 0.2ms | Allocations: 20)
  Rendered posts/index.html.erb within layouts/application (Duration: 5.4ms | Allocations: 865)
  Rendered layout layouts/application.html.erb (Duration: 19.7ms | Allocations: 2542)
Completed 200 OK in 25ms (Views: 21.0ms | ActiveRecord: 0.2ms | Allocations: 2800)


